2026-02-03 20:55:13,492 - INFO - Creating Vendor Summary Table.....
2026-02-03 20:55:30,897 - INFO -    VendorNumber                   VendorName  Brand              Description  \
0          1128  BROWN-FORMAN CORP             1233  Jack Daniels No 7 Black   
1          4425        MARTIGNETTI COMPANIES   3405    Tito's Handmade Vodka   
2         17035  PERNOD RICARD USA             8068         Absolut 80 Proof   
3          3960  DIAGEO NORTH AMERICA INC      4261   Capt Morgan Spiced Rum   
4          3960  DIAGEO NORTH AMERICA INC      3545          Ketel One Vodka   

   PurchasePrice  ActualPrice Volume  TotalPurchaseQuantity  \
0          26.27        36.99   1750                 145080   
1          23.19        28.99   1750                 164038   
2          18.24        24.99   1750                 187407   
3          16.17        22.99   1750                 201682   
4          21.89        29.99   1750                 138109   

   TotalPurchaseDollars  TotalSalesQuantity  TotalSalesDollars  \
0            3811251.60            142049.0         5101919.51   
1            3804041.22            160247.0         4819073.49   
2            3418303.68            187140.0         4538120.60   
3            3261197.94            200412.0         4475972.88   
4            3023206.01            135838.0         4223107.62   

   TotalSalesPrice  TotalExciseTax  FreightCost  
0        672819.31       260999.20     68601.68  
1        561512.37       294438.66    144929.24  
2        461140.15       343854.07    123780.22  
3        420050.01       368242.80    257032.07  
4        545778.28       249587.83    257032.07  
2026-02-03 20:55:30,899 - INFO - Cleaning Data.....
2026-02-03 20:55:30,906 - INFO -    VendorNumber                VendorName  Brand              Description  \
0          1128         BROWN-FORMAN CORP   1233  Jack Daniels No 7 Black   
1          4425     MARTIGNETTI COMPANIES   3405    Tito's Handmade Vodka   
2         17035         PERNOD RICARD USA   8068         Absolut 80 Proof   
3          3960  DIAGEO NORTH AMERICA INC   4261   Capt Morgan Spiced Rum   
4          3960  DIAGEO NORTH AMERICA INC   3545          Ketel One Vodka   

   PurchasePrice  ActualPrice  Volume  TotalPurchaseQuantity  \
0          26.27        36.99  1750.0                 145080   
1          23.19        28.99  1750.0                 164038   
2          18.24        24.99  1750.0                 187407   
3          16.17        22.99  1750.0                 201682   
4          21.89        29.99  1750.0                 138109   

   TotalPurchaseDollars  TotalSalesQuantity  TotalSalesDollars  \
0            3811251.60            142049.0         5101919.51   
1            3804041.22            160247.0         4819073.49   
2            3418303.68            187140.0         4538120.60   
3            3261197.94            200412.0         4475972.88   
4            3023206.01            135838.0         4223107.62   

   TotalSalesPrice  TotalExciseTax  FreightCost  
0        672819.31       260999.20     68601.68  
1        561512.37       294438.66    144929.24  
2        461140.15       343854.07    123780.22  
3        420050.01       368242.80    257032.07  
4        545778.28       249587.83    257032.07  
2026-02-03 20:55:30,907 - INFO - Ingesting data.....
2026-02-03 20:55:30,928 - INFO - Completed
2026-02-03 21:06:24,202 - INFO - Creating Vendor Summary Table.....
2026-02-03 21:06:41,015 - INFO -    VendorNumber                   VendorName  Brand              Description  \
0          1128  BROWN-FORMAN CORP             1233  Jack Daniels No 7 Black   
1          4425        MARTIGNETTI COMPANIES   3405    Tito's Handmade Vodka   
2         17035  PERNOD RICARD USA             8068         Absolut 80 Proof   
3          3960  DIAGEO NORTH AMERICA INC      4261   Capt Morgan Spiced Rum   
4          3960  DIAGEO NORTH AMERICA INC      3545          Ketel One Vodka   

   PurchasePrice  ActualPrice Volume  TotalPurchaseQuantity  \
0          26.27        36.99   1750                 145080   
1          23.19        28.99   1750                 164038   
2          18.24        24.99   1750                 187407   
3          16.17        22.99   1750                 201682   
4          21.89        29.99   1750                 138109   

   TotalPurchaseDollars  TotalSalesQuantity  TotalSalesDollars  \
0            3811251.60            142049.0         5101919.51   
1            3804041.22            160247.0         4819073.49   
2            3418303.68            187140.0         4538120.60   
3            3261197.94            200412.0         4475972.88   
4            3023206.01            135838.0         4223107.62   

   TotalSalesPrice  TotalExciseTax  FreightCost  
0        672819.31       260999.20     68601.68  
1        561512.37       294438.66    144929.24  
2        461140.15       343854.07    123780.22  
3        420050.01       368242.80    257032.07  
4        545778.28       249587.83    257032.07  
2026-02-03 21:06:41,018 - INFO - Cleaning Data.....
2026-02-03 21:06:41,024 - INFO - 
 GrossProfit  ProfitMargin  StockTurnover  SalesToPurchaseRatio
  1290667.91     25.297693       0.979108              1.338647
  1015032.27     21.062810       0.976890              1.266830
  1119816.92     24.675786       0.998575              1.327594
  1214774.94     27.139908       0.993703              1.372493
  1199901.61     28.412764       0.983556              1.396897
2026-02-03 21:06:41,024 - INFO - Columns after clean_data: ['VendorNumber', 'VendorName', 'Brand', 'Description', 'PurchasePrice', 'ActualPrice', 'Volume', 'TotalPurchaseQuantity', 'TotalPurchaseDollars', 'TotalSalesQuantity', 'TotalSalesDollars', 'TotalSalesPrice', 'TotalExciseTax', 'FreightCost', 'GrossProfit', 'ProfitMargin', 'StockTurnover', 'SalesToPurchaseRatio']
2026-02-03 21:06:41,024 - INFO - Ingesting data.....
2026-02-03 21:06:41,057 - INFO - Completed
2026-02-03 21:06:41,067 - INFO - Creating Vendor Summary Table.....
2026-02-03 21:06:59,011 - INFO -    VendorNumber                   VendorName  Brand              Description  \
0          1128  BROWN-FORMAN CORP             1233  Jack Daniels No 7 Black   
1          4425        MARTIGNETTI COMPANIES   3405    Tito's Handmade Vodka   
2         17035  PERNOD RICARD USA             8068         Absolut 80 Proof   
3          3960  DIAGEO NORTH AMERICA INC      4261   Capt Morgan Spiced Rum   
4          3960  DIAGEO NORTH AMERICA INC      3545          Ketel One Vodka   

   PurchasePrice  ActualPrice Volume  TotalPurchaseQuantity  \
0          26.27        36.99   1750                 145080   
1          23.19        28.99   1750                 164038   
2          18.24        24.99   1750                 187407   
3          16.17        22.99   1750                 201682   
4          21.89        29.99   1750                 138109   

   TotalPurchaseDollars  TotalSalesQuantity  TotalSalesDollars  \
0            3811251.60            142049.0         5101919.51   
1            3804041.22            160247.0         4819073.49   
2            3418303.68            187140.0         4538120.60   
3            3261197.94            200412.0         4475972.88   
4            3023206.01            135838.0         4223107.62   

   TotalSalesPrice  TotalExciseTax  FreightCost  
0        672819.31       260999.20     68601.68  
1        561512.37       294438.66    144929.24  
2        461140.15       343854.07    123780.22  
3        420050.01       368242.80    257032.07  
4        545778.28       249587.83    257032.07  
2026-02-03 21:06:59,013 - INFO - Cleaning Data.....
2026-02-03 21:06:59,019 - INFO - 
 GrossProfit  ProfitMargin  StockTurnover  SalesToPurchaseRatio
  1290667.91     25.297693       0.979108              1.338647
  1015032.27     21.062810       0.976890              1.266830
  1119816.92     24.675786       0.998575              1.327594
  1214774.94     27.139908       0.993703              1.372493
  1199901.61     28.412764       0.983556              1.396897
2026-02-03 21:06:59,019 - INFO - Columns after clean_data: ['VendorNumber', 'VendorName', 'Brand', 'Description', 'PurchasePrice', 'ActualPrice', 'Volume', 'TotalPurchaseQuantity', 'TotalPurchaseDollars', 'TotalSalesQuantity', 'TotalSalesDollars', 'TotalSalesPrice', 'TotalExciseTax', 'FreightCost', 'GrossProfit', 'ProfitMargin', 'StockTurnover', 'SalesToPurchaseRatio']
2026-02-03 21:06:59,019 - INFO - Ingesting data.....
2026-02-03 21:06:59,045 - INFO - Completed
